<?xml version="1.0" encoding="UTF-8"?>
<testng-results ignored="0" total="3" passed="3" failed="0" skipped="0">
  <reporter-output>
  </reporter-output>
  <suite started-at="2025-03-18T18:50:20 IST" name="Suite" finished-at="2025-03-18T18:50:54 IST" duration-ms="33347">
    <groups>
      <group name="cucumber">
        <method signature="AbstractTestNGCucumberTests.runScenario(io.cucumber.testng.PickleWrapper,io.cucumber.testng.FeatureWrapper)[pri:0, instance:com.emicalculator.runners.TestNGRunner@7dc0f706]" name="runScenario" class="io.cucumber.testng.AbstractTestNGCucumberTests"/>
      </group> <!-- cucumber -->
    </groups>
    <test started-at="2025-03-18T18:50:20 IST" name="Test" finished-at="2025-03-18T18:50:54 IST" duration-ms="33347">
      <class name="com.emicalculator.runners.TestNGRunner">
        <test-method is-config="true" signature="setUp(java.lang.String,java.lang.String)[pri:0, instance:com.emicalculator.runners.TestNGRunner@7dc0f706]" started-at="2025-03-18T18:50:20 IST" name="setUp" finished-at="2025-03-18T18:50:20 IST" duration-ms="25" status="PASS">
          <params>
            <param index="0">
              <value>
                <![CDATA[edge]]>
              </value>
            </param>
            <param index="1">
              <value>
                <![CDATA[https://emicalculator.net/]]>
              </value>
            </param>
          </params>
          <reporter-output>
          </reporter-output>
        </test-method> <!-- setUp -->
        <test-method is-config="true" signature="setUpClass(org.testng.ITestContext)[pri:0, instance:com.emicalculator.runners.TestNGRunner@7dc0f706]" started-at="2025-03-18T18:50:20 IST" name="setUpClass" finished-at="2025-03-18T18:50:21 IST" duration-ms="335" status="PASS">
          <params>
            <param index="0">
              <value>
                <![CDATA[org.testng.TestRunner@424de326]]>
              </value>
            </param>
          </params>
          <reporter-output>
          </reporter-output>
        </test-method> <!-- setUpClass -->
        <test-method signature="runScenario(io.cucumber.testng.PickleWrapper,io.cucumber.testng.FeatureWrapper)[pri:0, instance:com.emicalculator.runners.TestNGRunner@7dc0f706]" started-at="2025-03-18T18:50:21 IST" name="runScenario" description="Runs Cucumber Scenarios" data-provider="scenarios" finished-at="2025-03-18T18:50:35 IST" duration-ms="13806" status="PASS">
          <params>
            <param index="0">
              <value>
                <![CDATA["Calculate EMI for Home Loan"]]>
              </value>
            </param>
            <param index="1">
              <value>
                <![CDATA["EMI Calculation"]]>
              </value>
            </param>
          </params>
          <reporter-output>
          </reporter-output>
        </test-method> <!-- runScenario -->
        <test-method signature="runScenario(io.cucumber.testng.PickleWrapper,io.cucumber.testng.FeatureWrapper)[pri:0, instance:com.emicalculator.runners.TestNGRunner@7dc0f706]" started-at="2025-03-18T18:50:35 IST" name="runScenario" description="Runs Cucumber Scenarios" data-provider="scenarios" finished-at="2025-03-18T18:50:44 IST" duration-ms="9754" status="PASS">
          <params>
            <param index="0">
              <value>
                <![CDATA["Calculate EMI for Personal Loan"]]>
              </value>
            </param>
            <param index="1">
              <value>
                <![CDATA["EMI Calculation"]]>
              </value>
            </param>
          </params>
          <reporter-output>
          </reporter-output>
        </test-method> <!-- runScenario -->
        <test-method signature="runScenario(io.cucumber.testng.PickleWrapper,io.cucumber.testng.FeatureWrapper)[pri:0, instance:com.emicalculator.runners.TestNGRunner@7dc0f706]" started-at="2025-03-18T18:50:44 IST" name="runScenario" description="Runs Cucumber Scenarios" data-provider="scenarios" finished-at="2025-03-18T18:50:54 IST" duration-ms="9347" status="PASS">
          <params>
            <param index="0">
              <value>
                <![CDATA["Calculate EMI for Car Loan"]]>
              </value>
            </param>
            <param index="1">
              <value>
                <![CDATA["EMI Calculation"]]>
              </value>
            </param>
          </params>
          <reporter-output>
          </reporter-output>
        </test-method> <!-- runScenario -->
        <test-method is-config="true" signature="tearDownClass()[pri:0, instance:com.emicalculator.runners.TestNGRunner@7dc0f706]" started-at="2025-03-18T18:50:54 IST" name="tearDownClass" finished-at="2025-03-18T18:50:54 IST" duration-ms="7" status="PASS">
          <reporter-output>
          </reporter-output>
        </test-method> <!-- tearDownClass -->
      </class> <!-- com.emicalculator.runners.TestNGRunner -->
    </test> <!-- Test -->
  </suite> <!-- Suite -->
</testng-results>
